{"name":"findPetById","id":"com.petstore.testsuite.PetCRUDTest:findPetById","testCaseName":"com.petstore.testsuite.PetCRUDTest","userStory":{"id":"com.petstore.testsuite.PetCRUDTest","storyName":"Pet CRUD test","storyClassName":"com.petstore.testsuite.PetCRUDTest","path":"com.petstore.testsuite","type":"story"},"featureTag":{"name":"Testsuite/Pet CRUD test","type":"story"},"title":"Find pet by id","tags":[{"name":"Testsuite/Pet CRUD test","type":"story"}],"startTime":"2023-01-03T16:25:10.093Z[Europe/London]","duration":1564,"testFailureCause":{"errorType":"java.lang.AssertionError","message":"1 expectation failed.\nExpected status code \u003c200\u003e but was \u003c404\u003e.\n","stackTrace":[{"declaringClass":"io.restassured.internal.ResponseSpecificationImpl","methodName":"validateResponseIfRequired","fileName":"ResponseSpecificationImpl.groovy","lineNumber":636},{"declaringClass":"io.restassured.internal.ResponseSpecificationImpl","methodName":"statusCode","fileName":"ResponseSpecificationImpl.groovy","lineNumber":122},{"declaringClass":"io.restassured.internal.ResponseSpecificationImpl","methodName":"statusCode","fileName":"ResponseSpecificationImpl.groovy","lineNumber":130},{"declaringClass":"io.restassured.internal.ValidatableResponseOptionsImpl","methodName":"statusCode","fileName":"ValidatableResponseOptionsImpl.java","lineNumber":117},{"declaringClass":"com.petstore.testsuite.PetCRUDTest","methodName":"findPetById","fileName":"PetCRUDTest.java","lineNumber":62}]},"testFailureClassname":"java.lang.AssertionError","testFailureMessage":"1 expectation failed.\nExpected status code \u003c200\u003e but was \u003c404\u003e.\n","testFailureSummary":"FAILURE;java.lang.AssertionError;1 expectation failed.\nExpected status code \u003c200\u003e but was \u003c404\u003e.\n;ResponseSpecificationImpl.groovy","projectKey":"","annotatedResult":"FAILURE","manual":false,"testSource":"JUnit","result":"FAILURE"}